<?xml version="1.0" encoding="UTF-8"?>
<testsuite name="pom.ConfigureSMSPageTest" tests="1" skipped="0" failures="0" errors="0" timestamp="2023-10-09T07:22:22" hostname="WILLIAM-DIAZ" time="6.451">
  <properties/>
  <testcase name="configureSMSTestError()" classname="pom.ConfigureSMSPageTest" time="6.451"/>
  <system-out><![CDATA[false
false
]]></system-out>
  <system-err><![CDATA[SLF4J: No SLF4J providers were found.
SLF4J: Defaulting to no-operation (NOP) logger implementation
SLF4J: See https://www.slf4j.org/codes.html#noProviders for further details.
]]></system-err>
</testsuite>
